<?xml version="1.0" encoding="UTF-8"?>
<testng-results ignored="0" total="1" passed="1" failed="0" skipped="0">
  <reporter-output>
  </reporter-output>
  <suite started-at="2023-09-05T11:55:34 BDT" name="Default suite" finished-at="2023-09-05T11:56:00 BDT" duration-ms="25942">
    <groups>
    </groups>
    <test started-at="2023-09-05T11:55:34 BDT" name="Default test" finished-at="2023-09-05T11:56:00 BDT" duration-ms="25942">
      <class name="com.technohaven.bd.VATPROMPT_Test.GoodsServiceSetup">
        <test-method is-config="true" signature="start()[pri:0, instance:com.technohaven.bd.VATPROMPT_Test.GoodsServiceSetup@3a7442c7]" started-at="2023-09-05T11:55:32 BDT" name="start" finished-at="2023-09-05T11:55:34 BDT" duration-ms="1488" status="PASS">
          <reporter-output>
          </reporter-output>
        </test-method> <!-- start -->
        <test-method signature="GOODSSERVICESETUPMETHOD()[pri:0, instance:com.technohaven.bd.VATPROMPT_Test.GoodsServiceSetup@3a7442c7]" started-at="2023-09-05T11:55:34 BDT" name="GOODSSERVICESETUPMETHOD" finished-at="2023-09-05T11:56:00 BDT" duration-ms="25914" status="PASS">
          <reporter-output>
          </reporter-output>
        </test-method> <!-- GOODSSERVICESETUPMETHOD -->
        <test-method is-config="true" signature="close()[pri:0, instance:com.technohaven.bd.VATPROMPT_Test.GoodsServiceSetup@3a7442c7]" started-at="2023-09-05T11:56:00 BDT" name="close" finished-at="2023-09-05T11:56:00 BDT" duration-ms="105" status="PASS">
          <reporter-output>
          </reporter-output>
        </test-method> <!-- close -->
      </class> <!-- com.technohaven.bd.VATPROMPT_Test.GoodsServiceSetup -->
    </test> <!-- Default test -->
  </suite> <!-- Default suite -->
</testng-results>
