<?xml version="1.0" encoding="UTF-8"?>
<testng-results ignored="0" total="1" passed="1" failed="0" skipped="0">
  <reporter-output>
  </reporter-output>
  <suite started-at="2023-08-28T17:21:41 BDT" name="Default suite" finished-at="2023-08-28T17:22:37 BDT" duration-ms="55713">
    <groups>
    </groups>
    <test started-at="2023-08-28T17:21:41 BDT" name="Default test" finished-at="2023-08-28T17:22:37 BDT" duration-ms="55713">
      <class name="com.technohaven.bd.VATPROMPT_Test.login">
        <test-method is-config="true" signature="start()[pri:0, instance:com.technohaven.bd.VATPROMPT_Test.login@3a7442c7]" started-at="2023-08-28T17:21:40 BDT" name="start" finished-at="2023-08-28T17:21:41 BDT" duration-ms="1362" status="PASS">
          <reporter-output>
          </reporter-output>
        </test-method> <!-- start -->
        <test-method signature="userLogin()[pri:0, instance:com.technohaven.bd.VATPROMPT_Test.login@3a7442c7]" started-at="2023-08-28T17:21:41 BDT" name="userLogin" finished-at="2023-08-28T17:22:37 BDT" duration-ms="55686" status="PASS">
          <reporter-output>
          </reporter-output>
        </test-method> <!-- userLogin -->
        <test-method is-config="true" signature="close()[pri:0, instance:com.technohaven.bd.VATPROMPT_Test.login@3a7442c7]" started-at="2023-08-28T17:22:37 BDT" name="close" finished-at="2023-08-28T17:22:37 BDT" duration-ms="116" status="PASS">
          <reporter-output>
          </reporter-output>
        </test-method> <!-- close -->
      </class> <!-- com.technohaven.bd.VATPROMPT_Test.login -->
    </test> <!-- Default test -->
  </suite> <!-- Default suite -->
</testng-results>
